[2013-08-25 13:23:16] START
[2013-08-25 13:35:46] EDIT assignment2/controllers/default.py: 0
[2013-08-25 13:54:02] EDIT assignment2/models/db.py: 4
[2013-08-25 13:55:10] EDIT assignment2/models/db.py: -1
[2013-08-25 14:03:50] EDIT assignment2/controllers/default.py: 7
[2013-08-25 14:16:42] EDIT assignment2/controllers/default.py: 5
[2013-08-25 14:16:50] EDIT assignment2/controllers/default.py: 1
[2013-08-25 14:30:13] EDIT assignment2/models/db.py: 6
[2013-08-25 14:42:14] EDIT assignment2/models/db.py: 1
[2013-08-25 22:32:58] EDIT assignment2/models/db.py: 4
[2013-08-25 22:34:53] EDIT assignment2/models/db.py: 0
[2013-08-25 22:42:20] EDIT assignment2/controllers/default.py: 1
[2013-08-25 22:42:37] EDIT assignment2/controllers/default.py: 0
[2013-08-25 22:44:02] EDIT assignment2/models/db.py: 0
[2013-08-25 22:45:59] EDIT assignment2/controllers/default.py: 2
[2013-08-25 22:51:05] EDIT assignment2/controllers/default.py: 3
[2013-08-25 22:51:18] EDIT assignment2/controllers/default.py: -1
[2013-08-25 23:01:14] EDIT assignment2/controllers/default.py: 2
[2013-08-25 23:08:58] EDIT assignment2/models/db.py: 1
[2013-08-25 23:11:35] EDIT assignment2/models/db.py: 0
[2013-08-25 23:12:07] EDIT assignment2/controllers/default.py: 1
[2013-08-25 23:16:27] EDIT assignment2/controllers/default.py: 1
[2013-08-25 23:18:06] EDIT assignment2/models/db.py: 0
[2013-08-25 23:18:44] EDIT assignment2/models/db.py: 0
[2013-08-25 23:20:23] EDIT assignment2/models/db.py: 0
[2013-08-25 23:21:16] EDIT assignment2/controllers/default.py: 0
[2013-08-25 23:21:37] EDIT assignment2/controllers/default.py: 0
[2013-08-25 23:23:37] EDIT assignment2/controllers/default.py: 0
[2013-08-25 23:27:11] EDIT assignment2/views/default/index.html: -30
[2013-08-25 23:28:36] EDIT assignment2/views/default/index.html: -1
[2013-08-25 23:28:48] CREATE default/user_homepage.html: 0
[2013-08-25 23:29:05] EDIT assignment2/views/default/user_homepage.html: -1
[2013-08-25 23:29:51] EDIT assignment2/views/default/user_homepage.html: 0
[2013-08-25 23:33:00] EDIT assignment2/views/default/user_homepage.html: 0
[2013-08-25 23:33:14] EDIT assignment2/views/default/user_homepage.html: 0
[2013-08-25 23:33:30] EDIT assignment2/views/default/user_homepage.html: 0
[2013-08-25 23:36:01] EDIT assignment2/views/default/user_homepage.html: 0
[2013-08-25 23:37:48] EDIT assignment2/views/default/user_homepage.html: 2
[2013-08-25 23:38:07] EDIT assignment2/views/default/user_homepage.html: 1
[2013-08-25 23:38:29] EDIT assignment2/views/default/user_homepage.html: -1
[2013-08-26 12:32:46] EDIT assignment2/controllers/default.py: 6
[2013-08-26 12:34:54] EDIT assignment2/controllers/default.py: 3
[2013-08-26 12:35:19] EDIT assignment2/controllers/default.py: 0
[2013-08-26 12:40:29] EDIT assignment2/controllers/default.py: 7
[2013-08-26 12:41:52] EDIT assignment2/controllers/default.py: 0
[2013-08-26 12:44:57] EDIT assignment2/controllers/default.py: 1
[2013-08-26 12:46:34] EDIT assignment2/controllers/default.py: 1
[2013-08-26 12:50:08] EDIT assignment2/views/default/user_homepage.html: 2
[2013-08-26 12:55:58] EDIT assignment2/controllers/default.py: -3
[2013-08-26 12:57:22] EDIT assignment2/controllers/default.py: 2
[2013-08-26 13:01:10] EDIT assignment2/controllers/default.py: 2
[2013-08-26 13:09:37] EDIT assignment2/views/default/user_homepage.html: 8
[2013-08-26 13:10:22] EDIT assignment2/views/default/user_homepage.html: 1
[2013-08-26 13:10:46] EDIT assignment2/controllers/default.py: 0
[2013-08-26 13:10:50] EDIT assignment2/views/default/user_homepage.html: 0
[2013-08-26 13:11:37] EDIT assignment2/controllers/default.py: 0
[2013-08-26 13:15:40] CREATE default/admin_homepage.html: 0
[2013-08-26 13:26:17] EDIT assignment2/views/default/admin_homepage.html: 1
[2013-08-26 13:36:31] EDIT assignment2/controllers/default.py: 3
[2013-08-26 13:40:31] EDIT assignment2/views/default/user_homepage.html: 1
[2013-08-26 13:41:16] EDIT assignment2/views/default/admin_homepage.html: 13
[2013-08-26 13:42:46] EDIT assignment2/views/default/admin_homepage.html: 0
[2013-08-26 13:43:54] EDIT assignment2/controllers/default.py: 0
[2013-08-26 13:44:07] EDIT assignment2/views/default/admin_homepage.html: 0
[2013-08-26 13:50:40] EDIT assignment2/controllers/default.py: 7
[2013-08-26 13:50:54] EDIT assignment2/controllers/default.py: 1
[2013-08-26 13:51:32] EDIT assignment2/controllers/default.py: 1
[2013-08-26 13:52:31] EDIT assignment2/views/default/admin_homepage.html: 0
[2013-08-26 13:53:28] EDIT assignment2/controllers/default.py: 0
[2013-08-26 13:53:42] EDIT assignment2/controllers/default.py: 0
[2013-08-26 13:54:11] EDIT assignment2/controllers/default.py: 0
[2013-08-26 13:55:40] EDIT assignment2/views/default/admin_homepage.html: 0
[2013-08-26 13:56:10] EDIT assignment2/controllers/default.py: 0
[2013-08-26 17:38:19] EDIT assignment2/views/default/admin_homepage.html: 0
[2013-08-26 17:39:08] EDIT assignment2/views/default/user_homepage.html: 0
[2013-08-26 17:41:08] EDIT assignment2/controllers/default.py: 0
[2013-08-26 17:42:03] EDIT assignment2/controllers/default.py: 1
[2013-08-26 17:42:18] EDIT assignment2/controllers/default.py: 0
[2013-08-26 17:43:31] EDIT assignment2/controllers/default.py: 0
[2013-08-26 17:44:25] EDIT assignment2/controllers/default.py: 0
[2013-08-26 17:49:33] EDIT assignment2/controllers/default.py: 0
[2013-08-26 17:50:00] EDIT assignment2/controllers/default.py: 0
[2013-08-26 17:50:29] EDIT assignment2/controllers/default.py: 0
[2013-08-26 17:50:52] EDIT assignment2/controllers/default.py: 0
[2013-08-26 17:52:01] EDIT assignment2/controllers/default.py: 0
[2013-08-26 17:52:18] EDIT assignment2/controllers/default.py: 0
[2013-08-26 17:53:43] EDIT assignment2/controllers/default.py: 0
[2013-08-26 17:53:56] EDIT assignment2/controllers/default.py: 0
[2013-08-26 17:54:11] EDIT assignment2/controllers/default.py: 0
[2013-08-26 17:54:27] EDIT assignment2/controllers/default.py: 0
[2013-08-26 17:54:58] EDIT assignment2/controllers/default.py: 0
[2013-08-26 17:57:15] EDIT assignment2/controllers/default.py: -1
[2013-08-26 17:57:30] EDIT assignment2/controllers/default.py: 0
[2013-08-26 17:57:53] EDIT assignment2/controllers/default.py: 0
[2013-08-26 17:58:07] EDIT assignment2/controllers/default.py: 0
[2013-08-26 17:58:25] EDIT assignment2/controllers/default.py: 0
[2013-08-26 18:00:26] EDIT assignment2/controllers/default.py: -2
[2013-08-26 18:02:24] EDIT assignment2/views/default/user_homepage.html: 0
[2013-08-26 18:05:48] EDIT assignment2/controllers/default.py: 1
[2013-08-26 18:06:30] EDIT assignment2/controllers/default.py: 0
[2013-08-26 18:09:10] EDIT assignment2/models/db.py: 0
[2013-08-26 18:12:37] EDIT assignment2/controllers/default.py: 0
[2013-08-26 18:12:42] EDIT assignment2/controllers/default.py: 0
[2013-08-26 18:13:12] EDIT assignment2/views/default/admin_homepage.html: 0
[2013-08-26 18:36:14] EDIT assignment2/views/default/admin_homepage.html: -1
[2013-08-26 18:36:55] EDIT assignment2/views/default/admin_homepage.html: -2
[2013-08-26 18:37:23] EDIT assignment2/views/default/admin_homepage.html: 1
[2013-08-26 18:38:06] EDIT assignment2/views/default/admin_homepage.html: 1
[2013-08-26 18:38:47] EDIT assignment2/views/default/admin_homepage.html: 0
[2013-08-26 18:39:23] EDIT assignment2/views/default/admin_homepage.html: 0
[2013-08-26 18:41:08] EDIT assignment2/views/default/user_homepage.html: -3
[2013-08-26 18:41:20] EDIT assignment2/views/default/user_homepage.html: 1
[2013-08-26 18:42:03] CREATE default/intermediate.html: 0
[2013-08-26 18:42:15] EDIT assignment2/views/default/intermediate.html: -1
[2013-08-26 18:42:40] EDIT assignment2/views/default/intermediate.html: 1
[2013-08-26 18:43:57] EDIT assignment2/views/default/user_homepage.html: 1
[2013-08-26 18:44:25] EDIT assignment2/views/default/user_homepage.html: -1
[2013-08-26 18:44:49] EDIT assignment2/views/default/user_homepage.html: 1
[2013-08-26 18:46:22] EDIT assignment2/views/default/user_homepage.html: -1
[2013-08-26 18:46:48] EDIT assignment2/views/default/user_homepage.html: 1
[2013-08-26 18:51:00] EDIT assignment2/views/default/user_homepage.html: -1
[2013-08-26 18:51:32] EDIT assignment2/views/default/user_homepage.html: 1
[2013-08-26 18:52:42] EDIT assignment2/views/default/user_homepage.html: 1
[2013-08-26 18:53:05] EDIT assignment2/views/default/user_homepage.html: -1
[2013-08-26 18:54:19] EDIT assignment2/controllers/default.py: 0
[2013-08-26 18:54:35] EDIT assignment2/controllers/default.py: 0
[2013-08-26 18:54:44] EDIT assignment2/controllers/default.py: 0
[2013-08-26 18:54:50] EDIT assignment2/controllers/default.py: 0
[2013-08-26 18:55:55] EDIT assignment2/controllers/default.py: 4
[2013-08-26 18:56:02] EDIT assignment2/controllers/default.py: 0
[2013-08-26 18:56:33] EDIT assignment2/controllers/default.py: -1
[2013-08-26 18:56:42] EDIT assignment2/controllers/default.py: 0
[2013-08-26 18:57:10] EDIT assignment2/controllers/default.py: 0
[2013-08-26 18:57:29] EDIT assignment2/controllers/default.py: 0
[2013-08-26 18:58:50] EDIT assignment2/controllers/default.py: 1
[2013-08-26 18:59:11] EDIT assignment2/controllers/default.py: 0
[2013-08-26 18:59:35] EDIT assignment2/controllers/default.py: -1
[2013-08-27 12:44:58] EDIT assignment2/models/db.py: 1
[2013-08-27 12:45:33] EDIT assignment2/controllers/default.py: 0
[2013-08-27 12:49:11] EDIT assignment2/controllers/default.py: 0
[2013-08-27 12:54:56] EDIT assignment2/controllers/default.py: 11
[2013-08-27 12:55:28] EDIT assignment2/views/default/user_homepage.html: 1
[2013-08-27 12:55:44] EDIT assignment2/views/default/user_homepage.html: -1
[2013-08-27 12:57:33] EDIT assignment2/views/default/user_homepage.html: 4
[2013-08-27 12:57:39] EDIT assignment2/views/default/user_homepage.html: 1
[2013-08-27 12:59:11] EDIT assignment2/controllers/default.py: 1
[2013-08-27 12:59:17] EDIT assignment2/controllers/default.py: 0
[2013-08-27 13:07:12] EDIT assignment2/controllers/default.py: 0
[2013-08-27 13:07:28] EDIT assignment2/views/default/user_homepage.html: 0
[2013-08-27 13:10:54] EDIT assignment2/views/default/user_homepage.html: 0
[2013-08-27 13:19:11] EDIT assignment2/controllers/default.py: 0
[2013-08-27 14:45:19] EDIT assignment2/controllers/default.py: 4
[2013-08-27 14:53:48] EDIT assignment2/controllers/default.py: 10
[2013-08-27 14:53:55] EDIT assignment2/controllers/default.py: 0
[2013-08-27 14:54:11] EDIT assignment2/controllers/default.py: 0
[2013-08-27 14:54:33] EDIT assignment2/controllers/default.py: 0
[2013-08-27 14:54:50] EDIT assignment2/controllers/default.py: 0
[2013-08-27 14:56:43] EDIT assignment2/controllers/default.py: 1
[2013-08-27 14:57:02] EDIT assignment2/controllers/default.py: 0
[2013-08-27 14:57:37] EDIT assignment2/controllers/default.py: 0
[2013-08-27 15:05:12] EDIT assignment2/controllers/default.py: 5
[2013-08-27 15:05:55] EDIT assignment2/views/default/user_homepage.html: 1
[2013-08-27 15:07:12] CREATE default/changedetails.html: 0
[2013-08-27 15:08:14] EDIT assignment2/views/default/changedetails.html: 0
[2013-08-27 15:09:01] EDIT assignment2/views/default/user_homepage.html: -1
[2013-08-27 15:09:13] EDIT assignment2/views/default/user_homepage.html: 0
[2013-08-27 15:09:41] EDIT assignment2/views/default/user_homepage.html: 0
[2013-08-27 15:10:16] EDIT assignment2/views/default/user_homepage.html: 0
[2013-08-27 15:10:42] EDIT assignment2/views/default/user_homepage.html: 0
[2013-08-27 15:10:47] EDIT assignment2/views/default/user_homepage.html: 0
[2013-08-27 15:11:05] EDIT assignment2/views/default/user_homepage.html: 0
[2013-08-27 15:11:28] EDIT assignment2/views/default/user_homepage.html: 0
[2013-08-27 15:11:49] EDIT assignment2/views/default/user_homepage.html: 1
[2013-08-27 15:12:41] EDIT assignment2/views/default/user_homepage.html: -1
[2013-08-27 15:12:53] EDIT assignment2/views/default/user_homepage.html: 0
[2013-08-27 15:13:09] EDIT assignment2/views/default/user_homepage.html: 0
[2013-08-27 15:15:20] EDIT assignment2/views/default/user_homepage.html: 0
[2013-08-27 16:13:01] EDIT assignment2/views/default/user_homepage.html: 0
[2013-08-27 16:13:21] EDIT assignment2/views/default/user_homepage.html: 0
[2013-08-27 16:22:21] EDIT assignment2/controllers/default.py: 0
[2013-08-27 16:23:51] EDIT assignment2/controllers/default.py: 0
[2013-08-27 16:27:26] EDIT assignment2/controllers/default.py: 0
[2013-08-27 16:34:09] EDIT assignment2/controllers/default.py: 2
[2013-08-27 16:38:38] EDIT assignment2/controllers/default.py: 0
[2013-08-27 16:46:47] EDIT assignment2/controllers/default.py: -1
[2013-08-27 16:46:53] EDIT assignment2/views/default/user_homepage.html: 0
[2013-08-27 16:47:57] EDIT assignment2/views/default/user_homepage.html: 0
[2013-08-27 16:52:34] EDIT assignment2/views/default/user_homepage.html: 0
[2013-08-27 17:00:07] EDIT assignment2/views/default/user_homepage.html: 1
[2013-08-27 17:37:44] EDIT assignment2/views/default/user_homepage.html: 1
[2013-08-27 17:38:27] EDIT assignment2/views/default/user_homepage.html: 0
[2013-08-27 17:40:14] EDIT assignment2/views/default/user_homepage.html: -1
[2013-08-27 17:42:57] EDIT assignment2/views/default/user_homepage.html: 4
[2013-08-27 17:43:36] EDIT assignment2/views/default/user_homepage.html: -1
[2013-08-27 17:44:06] EDIT assignment2/views/default/user_homepage.html: 2
[2013-08-27 17:44:18] EDIT assignment2/views/default/user_homepage.html: 0
[2013-08-27 17:44:45] EDIT assignment2/views/default/user_homepage.html: -1
[2013-08-27 17:47:17] EDIT assignment2/views/default/user_homepage.html: -4
[2013-08-27 17:47:39] EDIT assignment2/views/default/user_homepage.html: 0
[2013-08-27 17:48:00] EDIT assignment2/views/default/user_homepage.html: 1
[2013-08-27 17:48:37] EDIT assignment2/views/default/user_homepage.html: 0
[2013-08-27 17:49:16] EDIT assignment2/views/default/user_homepage.html: -2
[2013-08-27 17:49:45] EDIT assignment2/views/default/user_homepage.html: 0
[2013-08-27 17:51:27] EDIT assignment2/views/default/user_homepage.html: 2
[2013-08-27 17:51:54] EDIT assignment2/views/default/user_homepage.html: 0
[2013-08-27 17:52:33] EDIT assignment2/views/default/user_homepage.html: 0
[2013-08-27 17:53:41] EDIT assignment2/views/default/user_homepage.html: 0
[2013-08-27 17:54:04] EDIT assignment2/views/default/user_homepage.html: 0
[2013-08-27 17:54:30] EDIT assignment2/views/default/user_homepage.html: 0
[2013-08-27 17:55:08] EDIT assignment2/views/default/user_homepage.html: 0
[2013-08-27 17:55:51] EDIT assignment2/views/default/user_homepage.html: 1
[2013-08-27 18:06:02] EDIT assignment2/views/default/user_homepage.html: 0
[2013-08-27 18:06:22] EDIT assignment2/views/default/user_homepage.html: -1
[2013-08-27 18:06:54] EDIT assignment2/views/default/user_homepage.html: 2
[2013-08-27 18:10:36] EDIT assignment2/views/default/user_homepage.html: 2
[2013-08-27 18:12:35] EDIT assignment2/views/default/user_homepage.html: 0
[2013-08-27 18:13:04] EDIT assignment2/views/default/user_homepage.html: -1
[2013-08-27 18:13:13] EDIT assignment2/views/default/user_homepage.html: -1
[2013-08-27 18:22:34] EDIT assignment2/views/default/user_homepage.html: -1
[2013-08-27 18:23:00] EDIT assignment2/views/default/user_homepage.html: -3
[2013-08-27 18:24:03] EDIT assignment2/views/default/user_homepage.html: 0
[2013-08-27 18:25:04] EDIT assignment2/views/default/user_homepage.html: 3
[2013-08-27 18:25:24] EDIT assignment2/views/default/user_homepage.html: -1
[2013-08-27 18:25:39] EDIT assignment2/views/default/user_homepage.html: 1
[2013-08-27 18:26:37] EDIT assignment2/views/default/user_homepage.html: -1
[2013-08-27 18:27:00] EDIT assignment2/views/default/user_homepage.html: 0
[2013-08-27 18:27:50] EDIT assignment2/views/default/user_homepage.html: 0
[2013-08-27 18:31:51] EDIT assignment2/controllers/default.py: 0
[2013-08-27 18:37:45] EDIT assignment2/models/db.py: 2
[2013-08-27 18:43:54] EDIT assignment2/models/db.py: -2
[2013-08-27 18:45:39] EDIT assignment2/models/db.py: 6
[2013-08-27 18:48:38] EDIT assignment2/controllers/default.py: 8
[2013-08-27 18:52:28] EDIT assignment2/controllers/default.py: 9
[2013-08-27 18:55:16] EDIT assignment2/controllers/default.py: 11
[2013-08-27 18:56:20] EDIT assignment2/views/default/user_homepage.html: 1
[2013-08-27 18:59:04] EDIT assignment2/controllers/default.py: 0
[2013-08-27 19:01:08] EDIT assignment2/controllers/default.py: 2
[2013-08-27 19:02:01] EDIT assignment2/controllers/default.py: 6
[2013-08-27 19:02:44] EDIT assignment2/controllers/default.py: 0
[2013-08-27 19:08:24] EDIT assignment2/controllers/default.py: 4
[2013-08-27 19:10:39] EDIT assignment2/controllers/default.py: 0
[2013-08-27 19:14:59] EDIT assignment2/controllers/default.py: 3
[2013-08-27 19:16:46] EDIT assignment2/controllers/default.py: 3
[2013-08-27 19:29:02] EDIT assignment2/views/default/user_homepage.html: 6
[2013-08-27 19:29:50] EDIT assignment2/views/default/user_homepage.html: 6
[2013-08-27 19:32:48] EDIT assignment2/controllers/default.py: 2
[2013-08-27 19:40:09] EDIT assignment2/controllers/default.py: 46
[2013-08-27 19:41:50] EDIT assignment2/controllers/default.py: 0
[2013-08-27 19:42:56] EDIT assignment2/controllers/default.py: 0
[2013-08-27 19:43:08] EDIT assignment2/controllers/default.py: 0
[2013-08-27 19:44:22] EDIT assignment2/controllers/default.py: 1
[2013-08-27 19:45:13] EDIT assignment2/views/default/user_homepage.html: 1
[2013-08-27 19:47:28] EDIT assignment2/controllers/default.py: 0
[2013-08-27 19:47:42] EDIT assignment2/controllers/default.py: 0
[2013-08-27 19:48:02] EDIT assignment2/controllers/default.py: 0
[2013-08-27 19:48:09] EDIT assignment2/controllers/default.py: 0
[2013-08-27 19:48:42] EDIT assignment2/controllers/default.py: 0
[2013-08-27 19:48:52] EDIT assignment2/controllers/default.py: 0
[2013-08-27 19:49:49] EDIT assignment2/controllers/default.py: 4
[2013-08-27 19:50:28] EDIT assignment2/controllers/default.py: -4
[2013-08-27 19:50:31] EDIT assignment2/views/default/user_homepage.html: 0
[2013-08-28 10:00:53] EDIT assignment2/controllers/default.py: 0
[2013-08-28 10:03:00] EDIT assignment2/controllers/default.py: 0
[2013-08-28 10:03:37] EDIT assignment2/controllers/default.py: 0
[2013-08-28 10:04:27] EDIT assignment2/controllers/default.py: 0
[2013-08-28 10:05:39] EDIT assignment2/controllers/default.py: 0
[2013-08-28 10:06:49] EDIT assignment2/controllers/default.py: 0
[2013-08-28 10:08:50] EDIT assignment2/controllers/default.py: 0
[2013-08-28 10:09:31] EDIT assignment2/controllers/default.py: 2
[2013-08-28 10:09:46] EDIT assignment2/controllers/default.py: 0
[2013-08-28 10:17:36] EDIT assignment2/controllers/default.py: 1
[2013-08-28 10:20:24] EDIT assignment2/controllers/default.py: 2
[2013-08-28 10:21:55] EDIT assignment2/controllers/default.py: 1
[2013-08-28 10:25:12] EDIT assignment2/controllers/default.py: 1
[2013-08-28 10:26:40] EDIT assignment2/controllers/default.py: -2
[2013-08-28 10:26:49] EDIT assignment2/controllers/default.py: -1
[2013-08-28 10:27:27] EDIT assignment2/controllers/default.py: 0
[2013-08-28 10:27:46] EDIT assignment2/controllers/default.py: 1
[2013-08-28 10:28:19] EDIT assignment2/controllers/default.py: -1
[2013-08-28 10:30:57] EDIT assignment2/controllers/default.py: 1
[2013-08-28 10:31:17] EDIT assignment2/controllers/default.py: 0
[2013-08-28 10:32:12] EDIT assignment2/controllers/default.py: 0
[2013-08-28 10:32:22] EDIT assignment2/controllers/default.py: -1
[2013-08-28 10:34:25] EDIT assignment2/controllers/default.py: 0
[2013-08-28 10:34:35] EDIT assignment2/controllers/default.py: 0
[2013-08-28 10:36:03] EDIT assignment2/controllers/default.py: 0
[2013-08-28 10:36:13] EDIT assignment2/controllers/default.py: 0
[2013-08-28 10:38:25] EDIT assignment2/controllers/default.py: 1
[2013-08-28 10:38:35] EDIT assignment2/controllers/default.py: 1
[2013-08-28 10:44:04] EDIT assignment2/controllers/default.py: 8
[2013-08-28 10:44:44] EDIT assignment2/controllers/default.py: 0
[2013-08-28 10:46:09] EDIT assignment2/controllers/default.py: 2
[2013-08-28 10:46:41] EDIT assignment2/controllers/default.py: 0
[2013-08-28 10:48:25] EDIT assignment2/views/default/user_homepage.html: 12
[2013-08-28 10:51:18] EDIT assignment2/controllers/default.py: 2
[2013-08-28 10:51:40] EDIT assignment2/controllers/default.py: 1
[2013-08-28 10:51:55] EDIT assignment2/controllers/default.py: 1
[2013-08-28 10:52:40] EDIT assignment2/controllers/default.py: 2
[2013-08-28 11:04:25] EDIT assignment2/controllers/default.py: 0
[2013-08-28 11:05:18] EDIT assignment2/controllers/default.py: 0
[2013-08-28 11:05:41] EDIT assignment2/controllers/default.py: 0
[2013-08-28 11:06:11] EDIT assignment2/controllers/default.py: 0
[2013-08-28 11:06:32] EDIT assignment2/controllers/default.py: 0
[2013-08-28 11:14:12] EDIT assignment2/controllers/default.py: 1
[2013-08-28 11:15:06] EDIT assignment2/models/db.py: 4
[2013-08-28 11:17:40] EDIT assignment2/controllers/default.py: 2
[2013-08-28 11:17:54] EDIT assignment2/controllers/default.py: 0
[2013-08-28 11:23:14] EDIT assignment2/controllers/default.py: 4
[2013-08-28 11:26:02] EDIT assignment2/controllers/default.py: 3
[2013-08-28 11:26:18] EDIT assignment2/controllers/default.py: 1
[2013-08-28 11:27:32] EDIT assignment2/controllers/default.py: 0
[2013-08-28 11:27:46] EDIT assignment2/models/db.py: 0
[2013-08-28 11:27:58] EDIT assignment2/models/db.py: 0
[2013-08-28 21:38:50] EDIT assignment2/controllers/default.py: 0
[2013-08-28 21:39:03] EDIT assignment2/models/db.py: 0
[2013-08-28 21:41:25] EDIT assignment2/controllers/default.py: -1
[2013-08-28 21:41:44] EDIT assignment2/controllers/default.py: 1
[2013-08-28 21:42:13] EDIT assignment2/controllers/default.py: 0
[2013-08-28 21:45:04] EDIT assignment2/controllers/default.py: 0
[2013-08-28 21:51:43] EDIT assignment2/controllers/default.py: 0
[2013-08-28 21:53:09] EDIT assignment2/controllers/default.py: 0
[2013-08-28 21:57:43] EDIT assignment2/controllers/default.py: 0
[2013-08-28 21:58:38] EDIT assignment2/controllers/default.py: 0
[2013-08-28 22:09:48] EDIT assignment2/controllers/default.py: 0
[2013-08-28 22:16:54] EDIT assignment2/controllers/default.py: 1
[2013-08-29 12:32:53] EDIT assignment2/controllers/default.py: 1
[2013-08-29 12:36:28] EDIT assignment2/views/default/user_homepage.html: 11
[2013-08-29 12:36:51] EDIT assignment2/views/default/user_homepage.html: 11
[2013-08-29 12:37:51] EDIT assignment2/controllers/default.py: 0
[2013-08-29 12:38:40] EDIT assignment2/controllers/default.py: 0
[2013-08-29 12:39:33] EDIT assignment2/controllers/default.py: 0
[2013-08-29 12:40:09] EDIT assignment2/controllers/default.py: 0
[2013-08-29 12:40:50] EDIT assignment2/views/default/user_homepage.html: 2
[2013-08-29 12:41:30] EDIT assignment2/views/default/user_homepage.html: 1
[2013-08-29 12:41:39] EDIT assignment2/views/default/user_homepage.html: 1
[2013-08-29 12:43:08] EDIT assignment2/views/default/user_homepage.html: 0
[2013-08-29 12:43:13] EDIT assignment2/views/default/user_homepage.html: 0
[2013-08-29 12:44:05] EDIT assignment2/controllers/default.py: 0
[2013-08-29 12:45:01] EDIT assignment2/controllers/default.py: 0
[2013-08-29 12:47:03] EDIT assignment2/views/default/user_homepage.html: 0
[2013-08-29 12:48:50] EDIT assignment2/views/default/user_homepage.html: 1
[2013-08-29 12:49:01] EDIT assignment2/views/default/user_homepage.html: 1
[2013-08-29 12:50:08] EDIT assignment2/views/default/user_homepage.html: 0
[2013-08-29 12:51:05] EDIT assignment2/views/default/user_homepage.html: -2
[2013-08-29 12:51:30] EDIT assignment2/views/default/user_homepage.html: 1
[2013-08-29 12:51:48] EDIT assignment2/views/default/user_homepage.html: -1
[2013-08-29 12:57:43] EDIT assignment2/views/default/user_homepage.html: 5
[2013-08-29 12:58:01] EDIT assignment2/views/default/user_homepage.html: 0
[2013-08-29 12:58:40] EDIT assignment2/views/default/user_homepage.html: 2
[2013-08-29 12:59:17] EDIT assignment2/views/default/user_homepage.html: 0
[2013-08-29 13:01:04] EDIT assignment2/views/default/user_homepage.html: 1
[2013-08-29 13:03:13] EDIT assignment2/views/default/user_homepage.html: 0
[2013-08-29 13:03:34] EDIT assignment2/views/default/user_homepage.html: 0
[2013-08-29 13:06:07] EDIT assignment2/controllers/default.py: -1
[2013-08-29 13:06:13] EDIT assignment2/controllers/default.py: 0
[2013-08-29 13:06:39] EDIT assignment2/views/default/user_homepage.html: 0
[2013-08-29 13:07:05] EDIT assignment2/views/default/user_homepage.html: 0
[2013-08-29 13:07:30] EDIT assignment2/controllers/default.py: 0
[2013-08-29 13:07:32] EDIT assignment2/views/default/user_homepage.html: 0
[2013-08-29 13:10:23] EDIT assignment2/views/default/user_homepage.html: 0
[2013-08-29 13:12:59] EDIT assignment2/views/default/user_homepage.html: 8
[2013-08-29 13:13:27] EDIT assignment2/views/default/user_homepage.html: 0
[2013-08-29 13:16:05] EDIT assignment2/controllers/default.py: 0
[2013-08-29 13:16:45] EDIT assignment2/views/default/user_homepage.html: 0
[2013-08-29 13:17:25] EDIT assignment2/views/default/user_homepage.html: -1
[2013-08-29 13:18:15] EDIT assignment2/views/default/user_homepage.html: 1
[2013-08-29 13:19:03] EDIT assignment2/views/default/user_homepage.html: 1
[2013-08-29 13:20:22] EDIT assignment2/views/default/user_homepage.html: 1
[2013-08-29 13:20:46] EDIT assignment2/views/default/user_homepage.html: 0
[2013-08-29 13:21:09] EDIT assignment2/views/default/user_homepage.html: 0
[2013-08-29 13:23:02] EDIT assignment2/views/default/user_homepage.html: -1
[2013-08-29 13:24:23] EDIT assignment2/controllers/default.py: 0
[2013-08-29 13:32:41] EDIT assignment2/controllers/default.py: 0
[2013-08-29 13:34:49] EDIT assignment2/views/default/user_homepage.html: 0
[2013-08-29 17:25:49] EDIT assignment2/controllers/default.py: 1
[2013-08-29 17:37:55] EDIT assignment2/controllers/default.py: -1
[2013-08-29 17:53:55] EDIT assignment2/controllers/default.py: 28
[2013-08-29 17:54:14] EDIT assignment2/controllers/default.py: 0
[2013-08-29 18:03:48] EDIT assignment2/controllers/default.py: 17
[2013-08-29 18:21:15] EDIT assignment2/controllers/default.py: -29
[2013-08-29 18:30:08] EDIT assignment2/controllers/default.py: 0
[2013-08-29 18:35:30] EDIT assignment2/controllers/default.py: 0
[2013-08-29 18:40:36] EDIT assignment2/views/default/user_homepage.html: -3
[2013-08-29 18:43:45] EDIT assignment2/controllers/default.py: -27
[2013-08-29 18:44:14] EDIT assignment2/controllers/default.py: 0
[2013-08-29 18:44:42] EDIT assignment2/controllers/default.py: 1
[2013-08-29 18:45:06] EDIT assignment2/controllers/default.py: 0
[2013-08-29 18:46:04] EDIT assignment2/controllers/default.py: 0
[2013-08-29 18:49:48] EDIT assignment2/controllers/default.py: 8
[2013-08-29 18:51:05] EDIT assignment2/views/default/user_homepage.html: 0
[2013-08-29 18:51:47] EDIT assignment2/views/default/user_homepage.html: 1
[2013-08-29 18:53:15] EDIT assignment2/views/default/user_homepage.html: -1
[2013-08-29 19:03:53] EDIT assignment2/views/default/user_homepage.html: 1
[2013-08-29 19:04:16] EDIT assignment2/views/default/user_homepage.html: 0
[2013-08-29 19:04:39] EDIT assignment2/controllers/default.py: 0
[2013-08-29 19:05:15] EDIT assignment2/controllers/default.py: 0
[2013-08-29 19:23:18] EDIT assignment2/controllers/default.py: -2
[2013-08-29 19:28:02] EDIT assignment2/controllers/default.py: 18
[2013-08-29 19:29:03] EDIT assignment2/controllers/default.py: 0
[2013-08-29 19:29:22] EDIT assignment2/views/default/user_homepage.html: 0
[2013-08-29 19:30:19] EDIT assignment2/controllers/default.py: 6
[2013-08-29 19:34:45] EDIT assignment2/controllers/default.py: -1
[2013-08-29 19:35:19] EDIT assignment2/controllers/default.py: 1
[2013-08-29 19:41:36] EDIT assignment2/controllers/default.py: 0
[2013-08-29 19:48:08] EDIT assignment2/views/default/user_homepage.html: 0
[2013-08-29 19:55:01] EDIT assignment2/controllers/default.py: 0
[2013-08-29 19:55:14] EDIT assignment2/controllers/default.py: -25
[2013-08-29 19:56:07] EDIT assignment2/views/default/user_homepage.html: 0
[2013-08-29 19:56:22] EDIT assignment2/controllers/default.py: 0
[2013-08-29 22:07:01] EDIT assignment2/controllers/default.py: 1
[2013-08-29 22:07:47] EDIT assignment2/controllers/default.py: 1
[2013-08-29 22:10:51] EDIT assignment2/controllers/default.py: 11
[2013-08-29 22:19:53] EDIT assignment2/controllers/default.py: -2
[2013-08-29 22:29:46] EDIT assignment2/controllers/default.py: 0
[2013-08-29 22:31:23] EDIT assignment2/views/default/admin_homepage.html: -1
[2013-08-29 22:32:09] EDIT assignment2/controllers/default.py: 0
[2013-08-29 22:32:29] EDIT assignment2/views/default/admin_homepage.html: 0
[2013-08-29 22:35:49] EDIT assignment2/views/default/admin_homepage.html: 34
[2013-08-29 22:37:19] EDIT assignment2/views/default/admin_homepage.html: -3
[2013-08-29 22:37:41] EDIT assignment2/views/default/admin_homepage.html: -6
[2013-08-29 22:37:59] EDIT assignment2/views/default/admin_homepage.html: -1
[2013-08-29 22:38:35] EDIT assignment2/controllers/default.py: 1
[2013-08-29 22:38:56] EDIT assignment2/controllers/default.py: 1
[2013-08-29 22:40:07] EDIT assignment2/controllers/default.py: -1
[2013-08-29 22:41:09] EDIT assignment2/controllers/default.py: -3
[2013-08-29 22:41:26] EDIT assignment2/controllers/default.py: -2
[2013-08-29 22:41:46] EDIT assignment2/controllers/default.py: -2
[2013-08-29 22:41:51] EDIT assignment2/controllers/default.py: -1
[2013-08-29 22:43:13] EDIT assignment2/controllers/default.py: 1
[2013-08-29 22:43:31] EDIT assignment2/controllers/default.py: 3
[2013-08-29 22:43:52] EDIT assignment2/controllers/default.py: 4
[2013-08-29 22:48:10] EDIT assignment2/controllers/default.py: 8
[2013-08-29 22:52:49] EDIT assignment2/controllers/default.py: 13
[2013-08-29 22:53:11] CREATE default/delete_record.html: 0
[2013-08-29 22:57:57] EDIT assignment2/views/default/delete_record.html: 7
[2013-08-29 22:59:49] EDIT assignment2/views/default/admin_homepage.html: 1
[2013-08-29 23:00:03] CREATE default/confirmation_page.html: 0
[2013-08-29 23:02:13] EDIT assignment2/views/default/confirmation_page.html: 4
[2013-08-29 23:02:54] EDIT assignment2/views/default/confirmation_page.html: 6
[2013-08-29 23:03:43] EDIT assignment2/views/default/delete_record.html: 0
[2013-08-29 23:04:25] EDIT assignment2/controllers/default.py: 1
[2013-08-29 23:04:59] EDIT assignment2/views/default/delete_record.html: 2
[2013-08-29 23:05:33] EDIT assignment2/views/default/delete_record.html: 0
[2013-08-29 23:07:21] EDIT assignment2/controllers/default.py: 1
[2013-08-29 23:08:00] EDIT assignment2/controllers/default.py: -1
[2013-08-29 23:09:20] EDIT assignment2/controllers/default.py: 2
[2013-08-29 23:12:13] EDIT assignment2/controllers/default.py: 1
[2013-08-29 23:12:23] EDIT assignment2/controllers/default.py: 0
[2013-08-29 23:14:01] EDIT assignment2/views/default/admin_homepage.html: 0
[2013-08-29 23:14:52] EDIT assignment2/controllers/default.py: 2
[2013-08-29 23:16:14] EDIT assignment2/controllers/default.py: 1
[2013-08-29 23:19:15] EDIT assignment2/controllers/default.py: -1
[2013-08-29 23:19:34] EDIT assignment2/controllers/default.py: 1
[2013-08-29 23:20:11] EDIT assignment2/controllers/default.py: -1
[2013-08-29 23:20:15] EDIT assignment2/controllers/default.py: 0
[2013-08-29 23:29:53] EDIT assignment2/controllers/default.py: -2
[2013-08-29 23:30:00] EDIT assignment2/controllers/default.py: 0
[2013-08-29 23:30:29] EDIT assignment2/views/default/confirmation_page.html: -5
[2013-08-29 23:30:48] EDIT assignment2/views/default/confirmation_page.html: 0
[2013-08-29 23:31:08] EDIT assignment2/views/default/delete_record.html: 1
[2013-08-29 23:34:22] EDIT assignment2/controllers/default.py: -1
[2013-08-29 23:39:02] EDIT assignment2/controllers/default.py: 2
[2013-08-29 23:39:35] EDIT assignment2/controllers/default.py: 0
[2013-08-29 23:39:59] EDIT assignment2/controllers/default.py: 0
[2013-08-29 23:41:48] EDIT assignment2/controllers/default.py: 1
[2013-08-29 23:44:13] EDIT assignment2/views/default/confirmation_page.html: 16
[2013-08-29 23:44:40] EDIT assignment2/views/default/confirmation_page.html: 0
[2013-08-29 23:45:23] EDIT assignment2/controllers/default.py: 1
[2013-08-29 23:48:02] EDIT assignment2/controllers/default.py: 0
[2013-08-30 12:30:34] EDIT assignment2/models/menu.py: 0
[2013-08-30 12:36:21] EDIT assignment2/models/db.py: -1
[2013-08-30 12:36:26] EDIT assignment2/models/db.py: 0
[2013-08-30 12:37:44] EDIT assignment2/controllers/default.py: 0
[2013-08-30 12:37:52] EDIT assignment2/controllers/default.py: 0
[2013-08-30 12:39:08] EDIT assignment2/views/default/user_homepage.html: 1
[2013-08-30 12:40:46] EDIT assignment2/models/db.py: 0
[2013-08-30 12:41:23] EDIT assignment2/controllers/default.py: 0
[2013-08-30 12:42:52] EDIT assignment2/controllers/default.py: 1
[2013-08-30 12:43:12] EDIT assignment2/models/db.py: 1
[2013-08-30 12:44:23] EDIT assignment2/views/default/user_homepage.html: 3
[2013-08-30 12:45:08] EDIT assignment2/views/default/user_homepage.html: 0
[2013-08-30 12:54:08] EDIT assignment2/models/menu.py: -103
[2013-08-30 12:54:45] EDIT assignment2/models/menu.py: -2
[2013-08-30 12:55:45] EDIT assignment2/models/menu.py: 0
[2013-08-30 13:02:31] EDIT assignment2/models/db.py: -2
[2013-08-30 13:04:03] EDIT assignment2/controllers/default.py: 1
[2013-08-30 13:07:01] EDIT assignment2/controllers/default.py: 0
[2013-08-30 13:07:57] EDIT assignment2/controllers/default.py: 1
[2013-08-30 13:09:14] EDIT assignment2/controllers/default.py: 2
[2013-08-30 13:10:06] EDIT assignment2/controllers/default.py: 0
[2013-08-30 13:10:22] EDIT assignment2/controllers/default.py: 0
[2013-08-30 13:11:53] EDIT assignment2/controllers/default.py: 2
[2013-08-30 13:13:32] EDIT assignment2/controllers/default.py: 1
[2013-08-30 13:15:08] EDIT assignment2/controllers/default.py: 2
[2013-08-30 13:15:48] EDIT assignment2/controllers/default.py: 1
[2013-08-30 13:17:02] EDIT assignment2/controllers/default.py: 0
[2013-08-30 13:19:44] EDIT assignment2/controllers/default.py: 0
[2013-08-30 13:19:55] EDIT assignment2/controllers/default.py: 0
[2013-08-30 13:20:40] EDIT assignment2/controllers/default.py: -1
[2013-08-30 13:21:28] EDIT assignment2/controllers/default.py: 1
[2013-08-30 13:24:59] EDIT assignment2/controllers/default.py: 0
[2013-08-30 13:25:32] EDIT assignment2/controllers/default.py: 0
[2013-08-30 13:38:09] EDIT assignment2/controllers/default.py: 2
[2013-08-30 13:40:11] EDIT assignment2/controllers/default.py: 1
[2013-08-30 13:40:26] EDIT assignment2/controllers/default.py: 0
[2013-08-30 13:40:42] EDIT assignment2/controllers/default.py: 0
[2013-08-30 13:42:17] EDIT assignment2/controllers/default.py: -1
[2013-08-30 13:43:04] EDIT assignment2/controllers/default.py: 0
[2013-08-30 13:44:54] EDIT assignment2/controllers/default.py: 2
[2013-08-30 13:46:02] EDIT assignment2/controllers/default.py: 4
[2013-08-30 13:49:28] EDIT assignment2/controllers/default.py: 1
[2013-08-30 13:50:38] EDIT assignment2/controllers/default.py: 0
[2013-08-30 13:51:14] EDIT assignment2/controllers/default.py: -1
[2013-08-30 13:51:23] EDIT assignment2/controllers/default.py: 0
[2013-08-30 13:52:11] EDIT assignment2/controllers/default.py: 0
[2013-08-30 17:39:21] EDIT assignment2/views/default/user_homepage.html: 0
[2013-08-30 17:44:25] EDIT assignment2/controllers/default.py: 0
[2013-09-20 15:31:08] EDIT assignment2/controllers/default.py: 0
[2013-09-20 20:43:02] EDIT assignment2/controllers/default.py: 0
[2013-09-20 23:09:40] EDIT assignment2/controllers/default.py: 0
[2013-09-21 23:08:00] EDIT assignment2/controllers/default.py: 0
[2013-10-07 09:56:50] EDIT assignment2/views/layout.html: 0
[2014-01-11 20:18:24] EDIT assignment2/controllers/default.py: -1
[2014-01-12 15:29:38] EDIT assignment2/controllers/default.py: 1
[2014-01-12 16:29:48] EDIT wc/controllers/default.py: 164
[2014-01-12 16:31:57] EDIT wc/controllers/default.py: 0
[2014-01-12 16:33:09] EDIT wc/controllers/default.py: 0
[2014-01-12 16:34:27] EDIT wc/controllers/default.py: 0
[2014-01-12 16:34:35] EDIT wc/controllers/default.py: 0
[2014-01-12 16:34:44] EDIT wc/controllers/default.py: 0
[2014-01-12 16:37:28] EDIT wc/models/db.py: 0
